<?xml version="1.0" encoding="UTF-8"?>
<testng-results skipped="0" failed="0" ignored="0" total="1" passed="1">
  <reporter-output>
  </reporter-output>
  <suite name="Sanity" duration-ms="21487" started-at="2022-01-26T22:09:57 IST" finished-at="2022-01-26T22:10:18 IST">
    <groups>
    </groups>
    <test name="Sanity" duration-ms="21487" started-at="2022-01-26T22:09:57 IST" finished-at="2022-01-26T22:10:18 IST">
      <class name="tests.Sanity.SanityTest">
        <test-method status="PASS" signature="setupChromeDriver()[pri:0, instance:tests.Sanity.SanityTest@79b06cab]" name="setupChromeDriver" is-config="true" duration-ms="1136" started-at="2022-01-26T22:09:57 IST" finished-at="2022-01-26T22:09:58 IST">
          <reporter-output>
          </reporter-output>
        </test-method> <!-- setupChromeDriver -->
        <test-method status="PASS" signature="setUp()[pri:0, instance:tests.Sanity.SanityTest@79b06cab]" name="setUp" is-config="true" duration-ms="9869" started-at="2022-01-26T22:09:58 IST" finished-at="2022-01-26T22:10:08 IST">
          <reporter-output>
          </reporter-output>
        </test-method> <!-- setUp -->
        <test-method status="PASS" signature="test_01()[pri:0, instance:tests.Sanity.SanityTest@79b06cab]" name="test_01" duration-ms="5870" started-at="2022-01-26T22:10:08 IST" finished-at="2022-01-26T22:10:14 IST">
          <reporter-output>
          </reporter-output>
        </test-method> <!-- test_01 -->
        <test-method status="PASS" signature="tearDown()[pri:0, instance:tests.Sanity.SanityTest@79b06cab]" name="tearDown" is-config="true" duration-ms="4387" started-at="2022-01-26T22:10:14 IST" finished-at="2022-01-26T22:10:18 IST">
          <reporter-output>
          </reporter-output>
        </test-method> <!-- tearDown -->
      </class> <!-- tests.Sanity.SanityTest -->
    </test> <!-- Sanity -->
  </suite> <!-- Sanity -->
</testng-results>
