<?xml version="1.0" encoding="UTF-8"?>
<testng-results skipped="0" failed="0" ignored="0" total="1" passed="1">
  <reporter-output>
  </reporter-output>
  <suite name="Test152" duration-ms="11787" started-at="2022-01-29T16:45:56 IST" finished-at="2022-01-29T16:46:07 IST">
    <groups>
    </groups>
    <test name="Sanity" duration-ms="11787" started-at="2022-01-29T16:45:56 IST" finished-at="2022-01-29T16:46:07 IST">
      <class name="tests.Sanity.SanityTest">
        <test-method status="PASS" signature="setupChromeDriver()[pri:0, instance:tests.Sanity.SanityTest@79b06cab]" name="setupChromeDriver" is-config="true" duration-ms="849" started-at="2022-01-29T16:45:56 IST" finished-at="2022-01-29T16:45:56 IST">
          <reporter-output>
          </reporter-output>
        </test-method> <!-- setupChromeDriver -->
        <test-method status="PASS" signature="setUp()[pri:0, instance:tests.Sanity.SanityTest@79b06cab]" name="setUp" is-config="true" duration-ms="4998" started-at="2022-01-29T16:45:57 IST" finished-at="2022-01-29T16:46:02 IST">
          <reporter-output>
          </reporter-output>
        </test-method> <!-- setUp -->
        <test-method status="PASS" signature="test_01()[pri:0, instance:tests.Sanity.SanityTest@79b06cab]" name="test_01" duration-ms="4237" started-at="2022-01-29T16:46:02 IST" finished-at="2022-01-29T16:46:06 IST">
          <reporter-output>
          </reporter-output>
        </test-method> <!-- test_01 -->
        <test-method status="PASS" signature="tearDown()[pri:0, instance:tests.Sanity.SanityTest@79b06cab]" name="tearDown" is-config="true" duration-ms="1533" started-at="2022-01-29T16:46:06 IST" finished-at="2022-01-29T16:46:07 IST">
          <reporter-output>
          </reporter-output>
        </test-method> <!-- tearDown -->
      </class> <!-- tests.Sanity.SanityTest -->
    </test> <!-- Sanity -->
  </suite> <!-- Test152 -->
</testng-results>
